2026-01-14 19:06:31 - src.logger - INFO - Это сообщение появится в консоли и файле
2026-01-14 19:06:31 - src.api.auth.repository - INFO - Это сообщение появится в консоли и файле
2026-01-14 19:17:40 - src.api.auth.repository - INFO - User has created.
2026-01-14 19:18:52 - src.api.auth.repository - INFO - User has created.2, nichegons
2026-01-14 19:19:59 - src.api.auth.repository - WARNING - User with TG ID <12> not found.
2026-01-14 19:55:11 - src.api.auth.repository - INFO - User has created. Arguments:0, string
2026-01-14 19:59:01 - src.api.auth.repository - WARNING - User with TG ID: 0 found. Responce: 3, string, None
2026-01-14 19:59:01 - src.api.auth.repository - WARNING - User already exists: 0, arguments: 0, string
2026-01-15 16:33:40 - src.api.auth.repository - WARNING - User with TG ID: 1 found. Responce: 1, nichegons, None
2026-01-15 16:33:55 - src.api.auth.repository - WARNING - User with TG ID: 1 found. Responce: 1, nichegons, None
2026-01-15 16:33:55 - src.api.auth.repository - WARNING - User TG ID 1 already have phone number:<src.api.auth.models.User object at 0x000001F74609CFD0>, arguments: <src.api.auth.models.User object at 0x000001F74609CFD0>
2026-01-15 16:34:59 - src.api.auth.repository - WARNING - User with TG ID: 1 found. Responce: 1, nichegons, None
2026-01-15 16:35:55 - src.api.auth.repository - WARNING - User with TG ID: 1 found. Responce: 1, nichegons, None
2026-01-15 16:37:54 - src.api.auth.repository - WARNING - User with TG ID: 1 found. Responce: 1, nichegons, None
2026-01-15 16:37:54 - src.api.auth.repository - INFO - User TG ID: 1 add phone number. Arguments: 9174801403
2026-01-15 16:38:03 - src.api.auth.repository - WARNING - User with TG ID: 1 found. Responce: 1, nichegons, 9174801403
2026-01-15 17:42:52 - src.api.auth.repository - WARNING - User with TG ID: 1 found. Responce: 1, nichegons, 9174801403
2026-01-15 18:18:10 - src.api.auth.repository - WARNING - User with TG ID: 0 found. Responce: 3, string, None
2026-01-15 18:18:10 - src.api.auth.repository - WARNING - User already exists: 0, arguments: 0, string
2026-01-15 18:31:31 - src.auth.repository - WARNING - User with TG ID <8177043133> not found.
2026-01-15 18:32:19 - src.auth.repository - WARNING - User with TG ID <8177043133> not found.
2026-01-15 18:34:39 - src.auth.repository - WARNING - User with TG ID <8177043133> not found.
2026-01-15 18:34:39 - src.auth.repository - WARNING - User with TG ID <8177043133> not found.
2026-01-15 18:39:49 - src.auth.repository - WARNING - User with TG ID <8177043133> not found.
2026-01-15 18:39:49 - src.auth.repository - WARNING - User with TG ID <8177043133> not found.
2026-01-15 19:27:11 - src.auth.repository - WARNING - User with TG ID <8177043133> not found.
2026-01-15 19:54:54 - src.auth.repository - WARNING - User with TG ID <8177043133> not found.
2026-01-15 19:54:54 - src.auth.repository - WARNING - User with TG ID <8177043133> not found.
2026-01-15 23:16:55 - src.auth.repository - WARNING - User with TG ID <8177043133> not found.
2026-01-15 23:19:20 - src.auth.repository - WARNING - User with TG ID <8177043133> not found.
2026-01-15 23:19:20 - src.auth.repository - WARNING - User with TG ID <8177043133> not found.
2026-01-15 23:20:00 - src.api.auth.repository - WARNING - User with TG ID <33> not found.
2026-01-15 23:20:17 - src.auth.repository - WARNING - User with TG ID <20> not found.
2026-01-15 23:20:26 - src.auth.repository - WARNING - User with TG ID <120> not found.
2026-01-15 23:24:22 - src.auth.repository - WARNING - User with TG ID <100> not found.
2026-01-15 23:24:46 - src.auth.repository - WARNING - User with TG ID: 0 found. Responce: 3, string, None
2026-01-15 23:24:46 - src.auth.repository - WARNING - User already exists: 0, arguments: 0, string
2026-01-15 23:25:10 - src.auth.repository - WARNING - User with TG ID <23> not found.
2026-01-15 23:26:39 - src.auth.repository - WARNING - User with TG ID <23> not found.
2026-01-15 23:26:51 - src.auth.repository - WARNING - User with TG ID <23> not found.
2026-01-15 23:28:43 - src.auth.repository - WARNING - User with TG ID <23> not found.
2026-01-15 23:29:22 - src.auth.repository - INFO - User has created. Arguments:23, erer
2026-01-17 19:16:25 - src.auth.repository - INFO - User has created. Arguments:1, string
2026-01-17 19:24:40 - src.auth.repository - INFO - User has created. Arguments:8177043133, Nichegons
